<?xml version="1.0" encoding="UTF-8"?>
<!-- Generated by org.testng.reporters.JUnitReportReporter -->
<testsuite skipped="0" hostname="parvatha-varthni" name="cucumberrunner.cucumbermain" tests="1" failures="0" timestamp="10 Mar 2020 05:50:38 GMT" time="148.200" errors="0">
  <testcase name="feature" time="148.200" classname="cucumberrunner.cucumbermain"/>
</testsuite> <!-- cucumberrunner.cucumbermain -->
